<?xml version="1.0" encoding="UTF-8"?>
<testsuite name="hello.FindingGuesthouseApplicationTests" time="0.191" tests="1" errors="0" skipped="0" failures="0">
  <properties>
    <property name="java.runtime.name" value="Java(TM) SE Runtime Environment"/>
    <property name="sun.boot.library.path" value="D:\Program Files\jdk1.8.0_101\jre\bin"/>
    <property name="java.vm.version" value="25.101-b13"/>
    <property name="user.country.format" value="VN"/>
    <property name="java.vm.vendor" value="Oracle Corporation"/>
    <property name="maven.multiModuleProjectDirectory" value="D:\Documents\Spring_STS\FindingGuesthouse"/>
    <property name="java.vendor.url" value="http://java.oracle.com/"/>
    <property name="path.separator" value=";"/>
    <property name="guice.disable.misplaced.annotation.check" value="true"/>
    <property name="java.vm.name" value="Java HotSpot(TM) 64-Bit Server VM"/>
    <property name="file.encoding.pkg" value="sun.io"/>
    <property name="user.script" value=""/>
    <property name="user.country" value="US"/>
    <property name="sun.java.launcher" value="SUN_STANDARD"/>
    <property name="sun.os.patch.level" value=""/>
    <property name="java.vm.specification.name" value="Java Virtual Machine Specification"/>
    <property name="user.dir" value="D:\Documents\Spring_STS\FindingGuesthouse"/>
    <property name="java.runtime.version" value="1.8.0_101-b13"/>
    <property name="java.awt.graphicsenv" value="sun.awt.Win32GraphicsEnvironment"/>
    <property name="java.endorsed.dirs" value="D:\Program Files\jdk1.8.0_101\jre\lib\endorsed"/>
    <property name="os.arch" value="amd64"/>
    <property name="java.io.tmpdir" value="C:\Users\AnhTu\AppData\Local\Temp\"/>
    <property name="line.separator" value="&#10;"/>
    <property name="java.vm.specification.vendor" value="Oracle Corporation"/>
    <property name="user.variant" value=""/>
    <property name="os.name" value="Windows 10"/>
    <property name="classworlds.conf" value="D:\Documents\Spring_STS\.metadata\.plugins\org.eclipse.m2e.launching\launches\m2conf4615366751878864902.tmp"/>
    <property name="sun.jnu.encoding" value="Cp1258"/>
    <property name="java.library.path" value="D:\Program Files\jdk1.8.0_101\bin;C:\WINDOWS\Sun\Java\bin;C:\WINDOWS\system32;C:\WINDOWS;D:/Program Files/jdk1.8.0_101/bin/../jre/bin/server;D:/Program Files/jdk1.8.0_101/bin/../jre/bin;D:/Program Files/jdk1.8.0_101/bin/../jre/lib/amd64;C:\Program Files (x86)\Intel\iCLS Client\;C:\Program Files\Intel\iCLS Client\;C:\WINDOWS\system32;C:\WINDOWS;C:\WINDOWS\System32\Wbem;C:\WINDOWS\System32\WindowsPowerShell\v1.0\;C:\Program Files\Intel\Intel(R) Management Engine Components\DAL;C:\Program Files (x86)\Intel\Intel(R) Management Engine Components\DAL;C:\Program Files\Intel\Intel(R) Management Engine Components\IPT;C:\Program Files (x86)\Intel\Intel(R) Management Engine Components\IPT;C:\Program Files (x86)\Windows Kits\8.1\Windows Performance Toolkit\;C:\Program Files\Microsoft SQL Server\110\Tools\Binn\;C:\Program Files\MySQL\MySQL Utilities 1.6\;D:\Program Files\AppData\Python;C:\Program Files\MySQL\MySQL Workbench 6.3 CE;D:\sdk\tools;C:\Program Files (x86)\Microsoft SQL Server\110\Tools\Binn\;C:\Program Files\Microsoft SQL Server\110\DTS\Binn\;C:\Program Files (x86)\Microsoft SQL Server\110\Tools\Binn\ManagementStudio\;C:\Program Files (x86)\Microsoft SQL Server\110\DTS\Binn\;D:\Program Files\Git\cmd;E:\Java\apache-maven-3.5.2\bin;D:\Program Files\jdk1.8.0_101\bin;D:\Program Files\nodejs\;C:\xampp\php;C:\ProgramData\ComposerSetup\bin;E:\Java\spring-1.5.9.RELEASE\bin;D:\Program Files\MongoDB\Server\3.6\bin;C:\Modeltech_pe_edu_10.4a\win32pe_edu;D:\sdk\tools;;C:\Users\AnhTu\AppData\Local\Microsoft\WindowsApps;C:\Users\AnhTu\AppData\Roaming\npm;D:\Program Files\Microsoft VS Code\bin;C:\Users\AnhTu\AppData\Roaming\Composer\vendor\bin;E:\Java\sts-bundle\sts-3.9.1.RELEASE;;."/>
    <property name="java.specification.name" value="Java Platform API Specification"/>
    <property name="java.class.version" value="52.0"/>
    <property name="sun.management.compiler" value="HotSpot 64-Bit Tiered Compilers"/>
    <property name="os.version" value="10.0"/>
    <property name="user.home" value="C:\Users\AnhTu"/>
    <property name="user.timezone" value="Asia/Bangkok"/>
    <property name="java.awt.printerjob" value="sun.awt.windows.WPrinterJob"/>
    <property name="java.specification.version" value="1.8"/>
    <property name="file.encoding" value="UTF-8"/>
    <property name="user.name" value="AnhTu"/>
    <property name="java.class.path" value="E:\Java\sts-bundle\sts-3.9.1.RELEASE\plugins\org.eclipse.m2e.maven.runtime_1.8.2.20171007-0216\jars\plexus-classworlds-2.5.2.jar"/>
    <property name="java.vm.specification.version" value="1.8"/>
    <property name="sun.arch.data.model" value="64"/>
    <property name="java.home" value="D:\Program Files\jdk1.8.0_101\jre"/>
    <property name="sun.java.command" value="org.codehaus.plexus.classworlds.launcher.Launcher -Ppom.xml -B -s E:\Java\apache-maven-3.5.2\conf\settings.xml test"/>
    <property name="java.specification.vendor" value="Oracle Corporation"/>
    <property name="user.language" value="en"/>
    <property name="user.language.format" value="vi"/>
    <property name="awt.toolkit" value="sun.awt.windows.WToolkit"/>
    <property name="java.vm.info" value="mixed mode"/>
    <property name="java.version" value="1.8.0_101"/>
    <property name="java.ext.dirs" value="D:\Program Files\jdk1.8.0_101\jre\lib\ext;C:\WINDOWS\Sun\Java\lib\ext"/>
    <property name="sun.boot.class.path" value="D:\Program Files\jdk1.8.0_101\jre\lib\resources.jar;D:\Program Files\jdk1.8.0_101\jre\lib\rt.jar;D:\Program Files\jdk1.8.0_101\jre\lib\sunrsasign.jar;D:\Program Files\jdk1.8.0_101\jre\lib\jsse.jar;D:\Program Files\jdk1.8.0_101\jre\lib\jce.jar;D:\Program Files\jdk1.8.0_101\jre\lib\charsets.jar;D:\Program Files\jdk1.8.0_101\jre\lib\jfr.jar;D:\Program Files\jdk1.8.0_101\jre\classes"/>
    <property name="java.vendor" value="Oracle Corporation"/>
    <property name="maven.home" value="D:\Documents\Spring_STS\FindingGuesthouse\EMBEDDED"/>
    <property name="file.separator" value="\"/>
    <property name="java.vendor.url.bug" value="http://bugreport.sun.com/bugreport/"/>
    <property name="sun.cpu.endian" value="little"/>
    <property name="sun.io.unicode.encoding" value="UnicodeLittle"/>
    <property name="sun.desktop" value="windows"/>
    <property name="sun.cpu.isalist" value="amd64"/>
  </properties>
  <testcase name="contextLoads" classname="hello.FindingGuesthouseApplicationTests" time="0.191"/>
</testsuite>